98.07.29 17:12 B W:\Gis\China\ChinesePlaceNames.htm --> bonnard.ucdavis.edu /home4/fn/fzskin/htmldoc/Gis/China ChinesePlaceNames.htm
98.07.29 17:12 B W:\Gis\China\cp_chinat.htm --> bonnard.ucdavis.edu /home4/fn/fzskin/htmldoc/Gis/China cp_chinat.htm
98.07.29 17:12 B W:\Gis\China\cp_cpqu.htm --> bonnard.ucdavis.edu /home4/fn/fzskin/htmldoc/Gis/China cp_cpqu.htm
98.07.29 17:12 B W:\Gis\China\cp_cpxx.htm --> bonnard.ucdavis.edu /home4/fn/fzskin/htmldoc/Gis/China cp_cpxx.htm
98.07.29 17:12 B W:\Gis\China\cp_regcity.htm --> bonnard.ucdavis.edu /home4/fn/fzskin/htmldoc/Gis/China cp_regcity.htm
98.07.29 17:12 B W:\Gis\China\hongkong.gif --> bonnard.ucdavis.edu /home4/fn/fzskin/htmldoc/Gis/China hongkong.gif
98.07.29 17:12 B W:\Gis\China\hongkong.zip --> bonnard.ucdavis.edu /home4/fn/fzskin/htmldoc/Gis/China hongkong.zip
98.07.29 17:12 B W:\Gis\China\hrs_r4cpz.htm --> bonnard.ucdavis.edu /home4/fn/fzskin/htmldoc/Gis/China hrs_r4cpz.htm
98.07.29 17:12 B W:\Gis\China\hrs_r6cpz.htm --> bonnard.ucdavis.edu /home4/fn/fzskin/htmldoc/Gis/China hrs_r6cpz.htm
98.07.29 17:12 B W:\Gis\China\hrs_rcs.htm --> bonnard.ucdavis.edu /home4/fn/fzskin/htmldoc/Gis/China hrs_rcs.htm
98.07.29 17:12 B W:\Gis\China\index.html --> bonnard.ucdavis.edu /home4/fn/fzskin/htmldoc/Gis/China index.html
98.07.29 17:12 B W:\Gis\China\larrydoc.txt --> bonnard.ucdavis.edu /home4/fn/fzskin/htmldoc/Gis/China larrydoc.txt
98.07.29 17:12 B W:\Gis\China\plan.htm --> bonnard.ucdavis.edu /home4/fn/fzskin/htmldoc/Gis/China plan.htm
98.07.29 17:12 B W:\Gis\China\planchart.gif --> bonnard.ucdavis.edu /home4/fn/fzskin/htmldoc/Gis/China planchart.gif
98.07.29 17:12 B W:\Gis\China\po_chinaa.htm --> bonnard.ucdavis.edu /home4/fn/fzskin/htmldoc/Gis/China po_chinaa.htm
98.07.29 17:12 B W:\Gis\China\po_hongkong.html --> bonnard.ucdavis.edu /home4/fn/fzskin/htmldoc/Gis/China po_hongkong.html
98.07.29 17:12 B W:\Gis\China\proc_rcst1.htm --> bonnard.ucdavis.edu /home4/fn/fzskin/htmldoc/Gis/China proc_rcst1.htm
98.07.29 17:12 B W:\Gis\China\trans_net.htm --> bonnard.ucdavis.edu /home4/fn/fzskin/htmldoc/Gis/China trans_net.htm
98.07.29 17:12 B W:\Gis\China\trans_rails-pr.htm --> bonnard.ucdavis.edu /home4/fn/fzskin/htmldoc/Gis/China trans_rails-pr.htm
98.07.29 17:12 B W:\Gis\China\trans_roads-pr.htm --> bonnard.ucdavis.edu /home4/fn/fzskin/htmldoc/Gis/China trans_roads-pr.htm
102.01.09 15:15 B C:\CHGIS\web\skinner\metadata\a4074.htm --> fas.harvard.edu /home/c/h/chgis/public_html/data/skinner/metadata a4074.htm
102.01.09 15:15 B C:\CHGIS\web\skinner\metadata\china.html --> fas.harvard.edu /home/c/h/chgis/public_html/data/skinner/metadata china.html
102.01.09 15:15 B C:\CHGIS\web\skinner\metadata\ChinesePlaceNames.htm --> fas.harvard.edu /home/c/h/chgis/public_html/data/skinner/metadata ChinesePlaceNames.htm
102.01.09 15:15 B C:\CHGIS\web\skinner\metadata\france.html --> fas.harvard.edu /home/c/h/chgis/public_html/data/skinner/metadata france.html
102.01.09 15:15 B C:\CHGIS\web\skinner\metadata\gwspublications2000.htm --> fas.harvard.edu /home/c/h/chgis/public_html/data/skinner/metadata gwspublications2000.htm
102.01.09 15:15 B C:\CHGIS\web\skinner\metadata\hp650c.htm --> fas.harvard.edu /home/c/h/chgis/public_html/data/skinner/metadata hp650c.htm
102.01.09 15:15 B C:\CHGIS\web\skinner\metadata\japan.html --> fas.harvard.edu /home/c/h/chgis/public_html/data/skinner/metadata japan.html
102.01.09 15:15 B C:\CHGIS\web\skinner\metadata\mapaccuracy.htm --> fas.harvard.edu /home/c/h/chgis/public_html/data/skinner/metadata mapaccuracy.htm
102.01.09 15:15 B C:\CHGIS\web\skinner\metadata\mcmergers.htm --> fas.harvard.edu /home/c/h/chgis/public_html/data/skinner/metadata mcmergers.htm
102.01.09 15:15 B C:\CHGIS\web\skinner\metadata\metaform.html --> fas.harvard.edu /home/c/h/chgis/public_html/data/skinner/metadata metaform.html
102.01.09 15:15 B C:\CHGIS\web\skinner\metadata\mkisofs.htm --> fas.harvard.edu /home/c/h/chgis/public_html/data/skinner/metadata mkisofs.htm
102.01.09 15:15 B C:\CHGIS\web\skinner\metadata\mkisofs.zip --> fas.harvard.edu /home/c/h/chgis/public_html/data/skinner/metadata mkisofs.zip
102.01.09 15:15 B C:\CHGIS\web\skinner\metadata\proc_rcst1.htm --> fas.harvard.edu /home/c/h/chgis/public_html/data/skinner/metadata proc_rcst1.htm
102.01.09 15:15 B C:\CHGIS\web\skinner\metadata\procchoro.gif --> fas.harvard.edu /home/c/h/chgis/public_html/data/skinner/metadata procchoro.gif
102.01.09 15:15 B C:\CHGIS\web\skinner\metadata\procnotes.htm --> fas.harvard.edu /home/c/h/chgis/public_html/data/skinner/metadata procnotes.htm
102.01.09 15:15 B C:\CHGIS\web\skinner\metadata\procqu.htm --> fas.harvard.edu /home/c/h/chgis/public_html/data/skinner/metadata procqu.htm
102.01.09 15:15 B C:\CHGIS\web\skinner\metadata\procresources.htm --> fas.harvard.edu /home/c/h/chgis/public_html/data/skinner/metadata procresources.htm
102.01.09 15:15 B C:\CHGIS\web\skinner\metadata\procscan.htm --> fas.harvard.edu /home/c/h/chgis/public_html/data/skinner/metadata procscan.htm
102.01.09 15:15 B C:\CHGIS\web\skinner\metadata\procscan_2.htm --> fas.harvard.edu /home/c/h/chgis/public_html/data/skinner/metadata procscan_2.htm
102.01.09 15:15 B C:\CHGIS\web\skinner\metadata\RCSprocedures.gif --> fas.harvard.edu /home/c/h/chgis/public_html/data/skinner/metadata RCSprocedures.gif
102.01.09 15:15 B C:\CHGIS\web\skinner\metadata\rcsprocedures.html --> fas.harvard.edu /home/c/h/chgis/public_html/data/skinner/metadata rcsprocedures.html
102.01.09 15:15 B C:\CHGIS\web\skinner\metadata\regmap.htm --> fas.harvard.edu /home/c/h/chgis/public_html/data/skinner/metadata regmap.htm
102.01.09 15:15 B C:\CHGIS\web\skinner\metadata\regmap16.gif --> fas.harvard.edu /home/c/h/chgis/public_html/data/skinner/metadata regmap16.gif
102.01.09 15:15 B C:\CHGIS\web\skinner\metadata\support.html --> fas.harvard.edu /home/c/h/chgis/public_html/data/skinner/metadata support.html
102.01.09 15:15 B C:\CHGIS\web\skinner\metadata\systems.htm --> fas.harvard.edu /home/c/h/chgis/public_html/data/skinner/metadata systems.htm
